<?xml version="1.0" encoding="UTF-8"?>
<testng-results ignored="0" total="1" passed="1" failed="0" skipped="0">
  <reporter-output>
  </reporter-output>
  <suite started-at="2024-12-26T14:30:17 GMT+05:45" name="Default suite" finished-at="2024-12-26T14:30:39 GMT+05:45" duration-ms="22214">
    <groups>
    </groups>
    <test started-at="2024-12-26T14:30:17 GMT+05:45" name="Default test" finished-at="2024-12-26T14:30:39 GMT+05:45" duration-ms="22214">
      <class name="QA.Brahma">
        <test-method signature="Brahma()[pri:0, instance:QA.Brahma@12468a38]" started-at="2024-12-26T14:30:17 GMT+05:45" name="Brahma" finished-at="2024-12-26T14:30:39 GMT+05:45" duration-ms="22093" status="PASS">
          <reporter-output>
          </reporter-output>
        </test-method> <!-- Brahma -->
      </class> <!-- QA.Brahma -->
    </test> <!-- Default test -->
  </suite> <!-- Default suite -->
</testng-results>
